<?xml version="1.0" encoding="UTF-8"?>
<testng-results skipped="0" failed="0" ignored="0" total="1" passed="1">
  <reporter-output>
  </reporter-output>
  <suite name="Default suite" duration-ms="96232" started-at="2017-08-09T17:17:14Z" finished-at="2017-08-09T17:18:50Z">
    <groups>
    </groups>
    <test name="Default test" duration-ms="96232" started-at="2017-08-09T17:17:14Z" finished-at="2017-08-09T17:18:50Z">
      <class name="com.MobileAutomationFRameworkForIos.ios_framework.TestBase">
        <test-method status="PASS" signature="setUp()[pri:0, instance:com.MobileAutomationFRameworkForIos.ios_framework.TestBase@6d4b1c02]" name="setUp" is-config="true" duration-ms="95943" started-at="2017-08-09T13:17:14Z" finished-at="2017-08-09T13:18:50Z">
          <reporter-output>
          </reporter-output>
        </test-method> <!-- setUp -->
        <test-method status="PASS" signature="sauceLabSafariIOs()[pri:0, instance:com.MobileAutomationFRameworkForIos.ios_framework.TestBase@6d4b1c02]" name="sauceLabSafariIOs" duration-ms="5" started-at="2017-08-09T13:18:50Z" finished-at="2017-08-09T13:18:50Z">
          <reporter-output>
          </reporter-output>
        </test-method> <!-- sauceLabSafariIOs -->
        <test-method status="PASS" signature="quito()[pri:0, instance:com.MobileAutomationFRameworkForIos.ios_framework.TestBase@6d4b1c02]" name="quito" is-config="true" duration-ms="244" started-at="2017-08-09T13:18:50Z" finished-at="2017-08-09T13:18:50Z">
          <reporter-output>
          </reporter-output>
        </test-method> <!-- quito -->
      </class> <!-- com.MobileAutomationFRameworkForIos.ios_framework.TestBase -->
    </test> <!-- Default test -->
  </suite> <!-- Default suite -->
</testng-results>
